<?xml version="1.0" encoding="UTF-8"?>
<!-- Generated by org.testng.reporters.JUnitXMLReporter -->
<testsuite ignored="0" hostname="CGINES-L01" failures="1" tests="6" name="Test" time="0.062" errors="0" timestamp="2022-08-19T11:49:04 PST">
  <testcase classname="TestNGDemos.TestNGListenersDemo" name="test1" time="0.008"/>
  <testcase classname="TestNGDemos.TestNGListenersDemo" name="test2" time="0.009">
    <failure type="java.lang.AssertionError" message="expected [true] but found [false]">
      <![CDATA[java.lang.AssertionError: expected [true] but found [false]
at TestNGDemos.TestNGListenersDemo.test2(TestNGListenersDemo.java:19)
at java.base/java.util.ArrayList.forEach(ArrayList.java:1511)
... Removed 31 stack frames]]>
    </failure>
  </testcase> <!-- test2 -->
  <testcase classname="TestNGDemos.TestNGListenersDemo" name="test3" time="0.001">
    <skipped/>
  </testcase> <!-- test3 -->
  <testcase classname="TestNGDemos.TestNGListenersDemo2" name="test4" time="0.002"/>
  <testcase classname="TestNGDemos.TestNGListenersDemo2" name="test5" time="0.001"/>
  <testcase classname="TestNGDemos.TestNGListenersDemo2" name="test6" time="0.001">
    <skipped/>
  </testcase> <!-- test6 -->
</testsuite> <!-- Test -->
